2019-06-04 03:25:47,784 INFO [main] k.a.h.c.HelloSpringBootApplication [StartupInfoLogger.java:48] Starting HelloSpringBootApplication on DESKTOP-39VSPN8 with PID 1116 (C:\leedoyeon\4_1\framework2\workspace\helloSpringBoot\target\classes started by ldy97 in C:\leedoyeon\4_1\framework2\workspace\helloSpringBoot)
2019-06-04 03:25:47,789 DEBUG [main] k.a.h.c.HelloSpringBootApplication [StartupInfoLogger.java:51] Running with Spring Boot v1.5.21.RELEASE, Spring v4.3.24.RELEASE
2019-06-04 03:25:47,790 INFO [main] k.a.h.c.HelloSpringBootApplication [SpringApplication.java:593] No active profile set, falling back to default profiles: default
2019-06-04 03:25:47,988 INFO [background-preinit] o.h.v.i.u.Version [Version.java:30] HV000001: Hibernate Validator 5.3.6.Final
2019-06-04 03:25:48,036 INFO [main] o.s.b.c.e.AnnotationConfigEmbeddedWebApplicationContext [AbstractApplicationContext.java:583] Refreshing org.springframework.boot.context.embedded.AnnotationConfigEmbeddedWebApplicationContext@37e547da: startup date [Tue Jun 04 03:25:48 KST 2019]; root of context hierarchy
2019-06-04 03:25:49,177 INFO [main] o.s.b.c.e.t.TomcatEmbeddedServletContainer [TomcatEmbeddedServletContainer.java:92] Tomcat initialized with port(s): 9000 (http)
2019-06-04 03:25:49,193 INFO [main] o.a.c.h.Http11NioProtocol [DirectJDKLog.java:180] Initializing ProtocolHandler ["http-nio-9000"]
2019-06-04 03:25:49,209 INFO [main] o.a.c.c.StandardService [DirectJDKLog.java:180] Starting service [Tomcat]
2019-06-04 03:25:49,210 INFO [main] o.a.c.c.StandardEngine [DirectJDKLog.java:180] Starting Servlet Engine: Apache Tomcat/8.5.40
2019-06-04 03:25:49,338 INFO [localhost-startStop-1] o.a.c.c.C.[.[.[/] [DirectJDKLog.java:180] Initializing Spring embedded WebApplicationContext
2019-06-04 03:25:49,338 INFO [localhost-startStop-1] o.s.w.c.ContextLoader [EmbeddedWebApplicationContext.java:287] Root WebApplicationContext: initialization completed in 1306 ms
2019-06-04 03:25:49,571 INFO [localhost-startStop-1] o.s.b.w.s.FilterRegistrationBean [AbstractFilterRegistrationBean.java:259] Mapping filter: 'characterEncodingFilter' to: [/*]
2019-06-04 03:25:49,572 INFO [localhost-startStop-1] o.s.b.w.s.FilterRegistrationBean [AbstractFilterRegistrationBean.java:259] Mapping filter: 'hiddenHttpMethodFilter' to: [/*]
2019-06-04 03:25:49,572 INFO [localhost-startStop-1] o.s.b.w.s.FilterRegistrationBean [AbstractFilterRegistrationBean.java:259] Mapping filter: 'httpPutFormContentFilter' to: [/*]
2019-06-04 03:25:49,573 INFO [localhost-startStop-1] o.s.b.w.s.FilterRegistrationBean [AbstractFilterRegistrationBean.java:259] Mapping filter: 'requestContextFilter' to: [/*]
2019-06-04 03:25:49,574 INFO [localhost-startStop-1] o.s.b.w.s.DelegatingFilterProxyRegistrationBean [AbstractFilterRegistrationBean.java:259] Mapping filter: 'springSecurityFilterChain' to: [/*]
2019-06-04 03:25:49,574 INFO [localhost-startStop-1] o.s.b.w.s.ServletRegistrationBean [ServletRegistrationBean.java:191] Mapping servlet: 'dispatcherServlet' to [/]
2019-06-04 03:25:49,784 INFO [main] o.s.b.a.s.AuthenticationManagerConfiguration [AuthenticationManagerConfiguration.java:173] 

Using default security password: 19a7fa41-d1b1-4852-b360-1d52d403572b

2019-06-04 03:25:49,913 INFO [main] o.s.s.w.DefaultSecurityFilterChain [DefaultSecurityFilterChain.java:43] Creating filter chain: org.springframework.security.web.util.matcher.AnyRequestMatcher@1, [org.springframework.security.web.context.request.async.WebAsyncManagerIntegrationFilter@1e6b9a95, org.springframework.security.web.context.SecurityContextPersistenceFilter@61942c1, org.springframework.security.web.header.HeaderWriterFilter@4bf324f9, org.springframework.security.web.authentication.logout.LogoutFilter@4bd2f0dc, org.springframework.security.web.savedrequest.RequestCacheAwareFilter@408a247c, org.springframework.security.web.servletapi.SecurityContextHolderAwareRequestFilter@4cfbaf4, org.springframework.security.web.authentication.AnonymousAuthenticationFilter@4d6f623d, org.springframework.security.web.session.SessionManagementFilter@3bd55d8, org.springframework.security.web.access.ExceptionTranslationFilter@30e92cb9, org.springframework.security.web.access.intercept.FilterSecurityInterceptor@faa3fed]
2019-06-04 03:25:50,130 INFO [main] o.s.w.s.m.m.a.RequestMappingHandlerAdapter [RequestMappingHandlerAdapter.java:557] Looking for @ControllerAdvice: org.springframework.boot.context.embedded.AnnotationConfigEmbeddedWebApplicationContext@37e547da: startup date [Tue Jun 04 03:25:48 KST 2019]; root of context hierarchy
2019-06-04 03:25:50,193 INFO [main] o.s.w.s.m.m.a.RequestMappingHandlerMapping [AbstractHandlerMethodMapping.java:544] Mapped "{[/],methods=[GET]}" onto public java.lang.String kr.ac.hansung.cse.controller.HomeController.home(org.springframework.ui.Model)
2019-06-04 03:25:50,196 INFO [main] o.s.w.s.m.m.a.RequestMappingHandlerMapping [AbstractHandlerMethodMapping.java:544] Mapped "{[/error]}" onto public org.springframework.http.ResponseEntity<java.util.Map<java.lang.String, java.lang.Object>> org.springframework.boot.autoconfigure.web.BasicErrorController.error(javax.servlet.http.HttpServletRequest)
2019-06-04 03:25:50,197 INFO [main] o.s.w.s.m.m.a.RequestMappingHandlerMapping [AbstractHandlerMethodMapping.java:544] Mapped "{[/error],produces=[text/html]}" onto public org.springframework.web.servlet.ModelAndView org.springframework.boot.autoconfigure.web.BasicErrorController.errorHtml(javax.servlet.http.HttpServletRequest,javax.servlet.http.HttpServletResponse)
2019-06-04 03:25:50,226 INFO [main] o.s.w.s.h.SimpleUrlHandlerMapping [AbstractUrlHandlerMapping.java:364] Mapped URL path [/webjars/**] onto handler of type [class org.springframework.web.servlet.resource.ResourceHttpRequestHandler]
2019-06-04 03:25:50,226 INFO [main] o.s.w.s.h.SimpleUrlHandlerMapping [AbstractUrlHandlerMapping.java:364] Mapped URL path [/**] onto handler of type [class org.springframework.web.servlet.resource.ResourceHttpRequestHandler]
2019-06-04 03:25:50,264 INFO [main] o.s.w.s.h.SimpleUrlHandlerMapping [AbstractUrlHandlerMapping.java:364] Mapped URL path [/**/favicon.ico] onto handler of type [class org.springframework.web.servlet.resource.ResourceHttpRequestHandler]
2019-06-04 03:25:50,656 INFO [main] o.s.j.e.a.AnnotationMBeanExporter [MBeanExporter.java:431] Registering beans for JMX exposure on startup
2019-06-04 03:25:50,670 INFO [main] o.a.c.h.Http11NioProtocol [DirectJDKLog.java:180] Starting ProtocolHandler ["http-nio-9000"]
2019-06-04 03:25:50,682 INFO [main] o.a.t.u.n.NioSelectorPool [DirectJDKLog.java:180] Using a shared selector for servlet write/read
2019-06-04 03:25:50,697 INFO [main] o.s.b.c.e.t.TomcatEmbeddedServletContainer [TomcatEmbeddedServletContainer.java:216] Tomcat started on port(s): 9000 (http)
2019-06-04 03:25:50,702 INFO [main] k.a.h.c.HelloSpringBootApplication [StartupInfoLogger.java:57] Started HelloSpringBootApplication in 3.179 seconds (JVM running for 4.503)
2019-06-04 03:44:47,043 INFO [RMI TCP Connection(2)-127.0.0.1] o.s.b.a.SpringApplicationAdminMXBeanRegistrar$SpringApplicationAdmin [SpringApplicationAdminMXBeanRegistrar.java:125] Application shutdown requested.
2019-06-04 03:44:47,044 INFO [RMI TCP Connection(2)-127.0.0.1] o.s.b.c.e.AnnotationConfigEmbeddedWebApplicationContext [AbstractApplicationContext.java:985] Closing org.springframework.boot.context.embedded.AnnotationConfigEmbeddedWebApplicationContext@37e547da: startup date [Tue Jun 04 03:25:48 KST 2019]; root of context hierarchy
2019-06-04 03:44:47,046 INFO [RMI TCP Connection(2)-127.0.0.1] o.s.j.e.a.AnnotationMBeanExporter [MBeanExporter.java:449] Unregistering JMX-exposed beans on shutdown
2019-06-04 03:45:23,217 INFO [main] o.s.b.t.c.SpringBootTestContextBootstrapper [AbstractTestContextBootstrapper.java:307] Neither @ContextConfiguration nor @ContextHierarchy found for test class [kr.ac.hansung.cse.HelloSpringBootApplicationTests], using SpringBootContextLoader
2019-06-04 03:45:23,232 INFO [main] o.s.t.c.s.AbstractContextLoader [AbstractContextLoader.java:264] Could not detect default resource locations for test class [kr.ac.hansung.cse.HelloSpringBootApplicationTests]: no resource found for suffixes {-context.xml, Context.groovy}.
2019-06-04 03:45:23,234 INFO [main] o.s.t.c.s.AnnotationConfigContextLoaderUtils [AnnotationConfigContextLoaderUtils.java:82] Could not detect default configuration classes for test class [kr.ac.hansung.cse.HelloSpringBootApplicationTests]: HelloSpringBootApplicationTests does not declare any static, non-private, non-final, nested classes annotated with @Configuration.
2019-06-04 03:45:23,510 INFO [main] o.s.b.t.c.SpringBootTestContextBootstrapper [SpringBootTestContextBootstrapper.java:206] Found @SpringBootConfiguration kr.ac.hansung.cse.HelloSpringBootApplication for test class kr.ac.hansung.cse.HelloSpringBootApplicationTests
2019-06-04 03:45:23,531 INFO [main] o.s.b.t.c.SpringBootTestContextBootstrapper [AbstractTestContextBootstrapper.java:248] Loaded default TestExecutionListener class names from location [META-INF/spring.factories]: [org.springframework.boot.test.mock.mockito.MockitoTestExecutionListener, org.springframework.boot.test.mock.mockito.ResetMocksTestExecutionListener, org.springframework.boot.test.autoconfigure.restdocs.RestDocsTestExecutionListener, org.springframework.boot.test.autoconfigure.web.client.MockRestServiceServerResetTestExecutionListener, org.springframework.boot.test.autoconfigure.web.servlet.MockMvcPrintOnlyOnFailureTestExecutionListener, org.springframework.boot.test.autoconfigure.web.servlet.WebDriverTestExecutionListener, org.springframework.test.context.web.ServletTestExecutionListener, org.springframework.test.context.support.DirtiesContextBeforeModesTestExecutionListener, org.springframework.test.context.support.DependencyInjectionTestExecutionListener, org.springframework.test.context.support.DirtiesContextTestExecutionListener, org.springframework.test.context.transaction.TransactionalTestExecutionListener, org.springframework.test.context.jdbc.SqlScriptsTestExecutionListener]
2019-06-04 03:45:23,586 INFO [main] o.s.b.t.c.SpringBootTestContextBootstrapper [AbstractTestContextBootstrapper.java:174] Using TestExecutionListeners: [org.springframework.test.context.web.ServletTestExecutionListener@2a32de6c, org.springframework.test.context.support.DirtiesContextBeforeModesTestExecutionListener@7692d9cc, org.springframework.boot.test.mock.mockito.MockitoTestExecutionListener@75f32542, org.springframework.boot.test.autoconfigure.SpringBootDependencyInjectionTestExecutionListener@7f1302d6, org.springframework.test.context.support.DirtiesContextTestExecutionListener@43ee72e6, org.springframework.boot.test.mock.mockito.ResetMocksTestExecutionListener@23529fee, org.springframework.boot.test.autoconfigure.restdocs.RestDocsTestExecutionListener@4fe767f3, org.springframework.boot.test.autoconfigure.web.client.MockRestServiceServerResetTestExecutionListener@2805c96b, org.springframework.boot.test.autoconfigure.web.servlet.MockMvcPrintOnlyOnFailureTestExecutionListener@184cf7cf, org.springframework.boot.test.autoconfigure.web.servlet.WebDriverTestExecutionListener@2fd6b6c7]
2019-06-04 03:45:23,612 INFO [main] o.s.b.t.c.SpringBootTestContextBootstrapper [AbstractTestContextBootstrapper.java:307] Neither @ContextConfiguration nor @ContextHierarchy found for test class [kr.ac.hansung.cse.HelloSpringBootApplicationTests], using SpringBootContextLoader
2019-06-04 03:45:23,618 INFO [main] o.s.t.c.s.AbstractContextLoader [AbstractContextLoader.java:264] Could not detect default resource locations for test class [kr.ac.hansung.cse.HelloSpringBootApplicationTests]: no resource found for suffixes {-context.xml, Context.groovy}.
2019-06-04 03:45:23,620 INFO [main] o.s.t.c.s.AnnotationConfigContextLoaderUtils [AnnotationConfigContextLoaderUtils.java:82] Could not detect default configuration classes for test class [kr.ac.hansung.cse.HelloSpringBootApplicationTests]: HelloSpringBootApplicationTests does not declare any static, non-private, non-final, nested classes annotated with @Configuration.
2019-06-04 03:45:23,639 INFO [main] o.s.b.t.c.SpringBootTestContextBootstrapper [SpringBootTestContextBootstrapper.java:206] Found @SpringBootConfiguration kr.ac.hansung.cse.HelloSpringBootApplication for test class kr.ac.hansung.cse.HelloSpringBootApplicationTests
2019-06-04 03:45:23,648 INFO [main] o.s.b.t.c.SpringBootTestContextBootstrapper [AbstractTestContextBootstrapper.java:248] Loaded default TestExecutionListener class names from location [META-INF/spring.factories]: [org.springframework.boot.test.mock.mockito.MockitoTestExecutionListener, org.springframework.boot.test.mock.mockito.ResetMocksTestExecutionListener, org.springframework.boot.test.autoconfigure.restdocs.RestDocsTestExecutionListener, org.springframework.boot.test.autoconfigure.web.client.MockRestServiceServerResetTestExecutionListener, org.springframework.boot.test.autoconfigure.web.servlet.MockMvcPrintOnlyOnFailureTestExecutionListener, org.springframework.boot.test.autoconfigure.web.servlet.WebDriverTestExecutionListener, org.springframework.test.context.web.ServletTestExecutionListener, org.springframework.test.context.support.DirtiesContextBeforeModesTestExecutionListener, org.springframework.test.context.support.DependencyInjectionTestExecutionListener, org.springframework.test.context.support.DirtiesContextTestExecutionListener, org.springframework.test.context.transaction.TransactionalTestExecutionListener, org.springframework.test.context.jdbc.SqlScriptsTestExecutionListener]
2019-06-04 03:45:23,659 INFO [main] o.s.b.t.c.SpringBootTestContextBootstrapper [AbstractTestContextBootstrapper.java:174] Using TestExecutionListeners: [org.springframework.test.context.web.ServletTestExecutionListener@7c469c48, org.springframework.test.context.support.DirtiesContextBeforeModesTestExecutionListener@12e61fe6, org.springframework.boot.test.mock.mockito.MockitoTestExecutionListener@7ee955a8, org.springframework.boot.test.autoconfigure.SpringBootDependencyInjectionTestExecutionListener@1677d1, org.springframework.test.context.support.DirtiesContextTestExecutionListener@48fa0f47, org.springframework.boot.test.mock.mockito.ResetMocksTestExecutionListener@6ac13091, org.springframework.boot.test.autoconfigure.restdocs.RestDocsTestExecutionListener@5e316c74, org.springframework.boot.test.autoconfigure.web.client.MockRestServiceServerResetTestExecutionListener@6d2a209c, org.springframework.boot.test.autoconfigure.web.servlet.MockMvcPrintOnlyOnFailureTestExecutionListener@75329a49, org.springframework.boot.test.autoconfigure.web.servlet.WebDriverTestExecutionListener@161479c6]
2019-06-04 03:45:24,380 INFO [main] k.a.h.c.HelloSpringBootApplicationTests [StartupInfoLogger.java:48] Starting HelloSpringBootApplicationTests on DESKTOP-39VSPN8 with PID 11448 (started by ldy97 in C:\leedoyeon\4_1\framework2\workspace\helloSpringBoot)
2019-06-04 03:45:24,383 DEBUG [main] k.a.h.c.HelloSpringBootApplicationTests [StartupInfoLogger.java:51] Running with Spring Boot v1.5.21.RELEASE, Spring v4.3.24.RELEASE
2019-06-04 03:45:24,385 INFO [main] k.a.h.c.HelloSpringBootApplicationTests [SpringApplication.java:593] No active profile set, falling back to default profiles: default
2019-06-04 03:45:24,911 INFO [main] o.s.w.c.s.GenericWebApplicationContext [AbstractApplicationContext.java:583] Refreshing org.springframework.web.context.support.GenericWebApplicationContext@3fb1549b: startup date [Tue Jun 04 03:45:24 KST 2019]; root of context hierarchy
2019-06-04 03:45:25,352 INFO [background-preinit] o.h.v.i.u.Version [Version.java:30] HV000001: Hibernate Validator 5.3.6.Final
2019-06-04 03:45:28,531 INFO [main] o.s.b.a.s.AuthenticationManagerConfiguration [AuthenticationManagerConfiguration.java:173] 

Using default security password: aebcc5ee-f5bc-4c98-bb4f-d88ab32a301e

2019-06-04 03:45:28,896 INFO [main] o.s.s.w.DefaultSecurityFilterChain [DefaultSecurityFilterChain.java:43] Creating filter chain: org.springframework.security.web.util.matcher.AnyRequestMatcher@1, [org.springframework.security.web.context.request.async.WebAsyncManagerIntegrationFilter@35d3ab60, org.springframework.security.web.context.SecurityContextPersistenceFilter@388b401d, org.springframework.security.web.header.HeaderWriterFilter@4a55a6e8, org.springframework.security.web.authentication.logout.LogoutFilter@70abf9b0, org.springframework.security.web.savedrequest.RequestCacheAwareFilter@77a281fc, org.springframework.security.web.servletapi.SecurityContextHolderAwareRequestFilter@27fde870, org.springframework.security.web.authentication.AnonymousAuthenticationFilter@10876a6, org.springframework.security.web.session.SessionManagementFilter@7aad3f7d, org.springframework.security.web.access.ExceptionTranslationFilter@393881f0, org.springframework.security.web.access.intercept.FilterSecurityInterceptor@173373b4]
2019-06-04 03:45:30,075 INFO [main] o.s.w.s.m.m.a.RequestMappingHandlerAdapter [RequestMappingHandlerAdapter.java:557] Looking for @ControllerAdvice: org.springframework.web.context.support.GenericWebApplicationContext@3fb1549b: startup date [Tue Jun 04 03:45:24 KST 2019]; root of context hierarchy
2019-06-04 03:45:30,282 INFO [main] o.s.w.s.m.m.a.RequestMappingHandlerMapping [AbstractHandlerMethodMapping.java:544] Mapped "{[/],methods=[GET]}" onto public java.lang.String kr.ac.hansung.cse.controller.HomeController.home(org.springframework.ui.Model)
2019-06-04 03:45:30,290 INFO [main] o.s.w.s.m.m.a.RequestMappingHandlerMapping [AbstractHandlerMethodMapping.java:544] Mapped "{[/error]}" onto public org.springframework.http.ResponseEntity<java.util.Map<java.lang.String, java.lang.Object>> org.springframework.boot.autoconfigure.web.BasicErrorController.error(javax.servlet.http.HttpServletRequest)
2019-06-04 03:45:30,292 INFO [main] o.s.w.s.m.m.a.RequestMappingHandlerMapping [AbstractHandlerMethodMapping.java:544] Mapped "{[/error],produces=[text/html]}" onto public org.springframework.web.servlet.ModelAndView org.springframework.boot.autoconfigure.web.BasicErrorController.errorHtml(javax.servlet.http.HttpServletRequest,javax.servlet.http.HttpServletResponse)
2019-06-04 03:45:30,471 INFO [main] o.s.w.s.h.SimpleUrlHandlerMapping [AbstractUrlHandlerMapping.java:364] Mapped URL path [/webjars/**] onto handler of type [class org.springframework.web.servlet.resource.ResourceHttpRequestHandler]
2019-06-04 03:45:30,483 INFO [main] o.s.w.s.h.SimpleUrlHandlerMapping [AbstractUrlHandlerMapping.java:364] Mapped URL path [/**] onto handler of type [class org.springframework.web.servlet.resource.ResourceHttpRequestHandler]
2019-06-04 03:45:30,864 INFO [main] o.s.w.s.h.SimpleUrlHandlerMapping [AbstractUrlHandlerMapping.java:364] Mapped URL path [/**/favicon.ico] onto handler of type [class org.springframework.web.servlet.resource.ResourceHttpRequestHandler]
2019-06-04 03:45:32,629 INFO [main] k.a.h.c.HelloSpringBootApplicationTests [StartupInfoLogger.java:57] Started HelloSpringBootApplicationTests in 8.802 seconds (JVM running for 10.541)
2019-06-04 03:45:33,104 INFO [Thread-2] o.s.w.c.s.GenericWebApplicationContext [AbstractApplicationContext.java:985] Closing org.springframework.web.context.support.GenericWebApplicationContext@3fb1549b: startup date [Tue Jun 04 03:45:24 KST 2019]; root of context hierarchy
2019-06-04 03:47:21,220 INFO [main] o.s.b.t.c.SpringBootTestContextBootstrapper [AbstractTestContextBootstrapper.java:307] Neither @ContextConfiguration nor @ContextHierarchy found for test class [kr.ac.hansung.cse.HelloSpringBootApplicationTests], using SpringBootContextLoader
2019-06-04 03:47:21,235 INFO [main] o.s.t.c.s.AbstractContextLoader [AbstractContextLoader.java:264] Could not detect default resource locations for test class [kr.ac.hansung.cse.HelloSpringBootApplicationTests]: no resource found for suffixes {-context.xml, Context.groovy}.
2019-06-04 03:47:21,238 INFO [main] o.s.t.c.s.AnnotationConfigContextLoaderUtils [AnnotationConfigContextLoaderUtils.java:82] Could not detect default configuration classes for test class [kr.ac.hansung.cse.HelloSpringBootApplicationTests]: HelloSpringBootApplicationTests does not declare any static, non-private, non-final, nested classes annotated with @Configuration.
2019-06-04 03:47:21,467 INFO [main] o.s.b.t.c.SpringBootTestContextBootstrapper [SpringBootTestContextBootstrapper.java:206] Found @SpringBootConfiguration kr.ac.hansung.cse.HelloSpringBootApplication for test class kr.ac.hansung.cse.HelloSpringBootApplicationTests
2019-06-04 03:47:21,491 INFO [main] o.s.b.t.c.SpringBootTestContextBootstrapper [AbstractTestContextBootstrapper.java:248] Loaded default TestExecutionListener class names from location [META-INF/spring.factories]: [org.springframework.boot.test.mock.mockito.MockitoTestExecutionListener, org.springframework.boot.test.mock.mockito.ResetMocksTestExecutionListener, org.springframework.boot.test.autoconfigure.restdocs.RestDocsTestExecutionListener, org.springframework.boot.test.autoconfigure.web.client.MockRestServiceServerResetTestExecutionListener, org.springframework.boot.test.autoconfigure.web.servlet.MockMvcPrintOnlyOnFailureTestExecutionListener, org.springframework.boot.test.autoconfigure.web.servlet.WebDriverTestExecutionListener, org.springframework.test.context.web.ServletTestExecutionListener, org.springframework.test.context.support.DirtiesContextBeforeModesTestExecutionListener, org.springframework.test.context.support.DependencyInjectionTestExecutionListener, org.springframework.test.context.support.DirtiesContextTestExecutionListener, org.springframework.test.context.transaction.TransactionalTestExecutionListener, org.springframework.test.context.jdbc.SqlScriptsTestExecutionListener]
2019-06-04 03:47:21,533 INFO [main] o.s.b.t.c.SpringBootTestContextBootstrapper [AbstractTestContextBootstrapper.java:174] Using TestExecutionListeners: [org.springframework.test.context.web.ServletTestExecutionListener@2a32de6c, org.springframework.test.context.support.DirtiesContextBeforeModesTestExecutionListener@7692d9cc, org.springframework.boot.test.mock.mockito.MockitoTestExecutionListener@75f32542, org.springframework.boot.test.autoconfigure.SpringBootDependencyInjectionTestExecutionListener@7f1302d6, org.springframework.test.context.support.DirtiesContextTestExecutionListener@43ee72e6, org.springframework.boot.test.mock.mockito.ResetMocksTestExecutionListener@23529fee, org.springframework.boot.test.autoconfigure.restdocs.RestDocsTestExecutionListener@4fe767f3, org.springframework.boot.test.autoconfigure.web.client.MockRestServiceServerResetTestExecutionListener@2805c96b, org.springframework.boot.test.autoconfigure.web.servlet.MockMvcPrintOnlyOnFailureTestExecutionListener@184cf7cf, org.springframework.boot.test.autoconfigure.web.servlet.WebDriverTestExecutionListener@2fd6b6c7]
2019-06-04 03:47:21,555 INFO [main] o.s.b.t.c.SpringBootTestContextBootstrapper [AbstractTestContextBootstrapper.java:307] Neither @ContextConfiguration nor @ContextHierarchy found for test class [kr.ac.hansung.cse.HelloSpringBootApplicationTests], using SpringBootContextLoader
2019-06-04 03:47:21,560 INFO [main] o.s.t.c.s.AbstractContextLoader [AbstractContextLoader.java:264] Could not detect default resource locations for test class [kr.ac.hansung.cse.HelloSpringBootApplicationTests]: no resource found for suffixes {-context.xml, Context.groovy}.
2019-06-04 03:47:21,561 INFO [main] o.s.t.c.s.AnnotationConfigContextLoaderUtils [AnnotationConfigContextLoaderUtils.java:82] Could not detect default configuration classes for test class [kr.ac.hansung.cse.HelloSpringBootApplicationTests]: HelloSpringBootApplicationTests does not declare any static, non-private, non-final, nested classes annotated with @Configuration.
2019-06-04 03:47:21,581 INFO [main] o.s.b.t.c.SpringBootTestContextBootstrapper [SpringBootTestContextBootstrapper.java:206] Found @SpringBootConfiguration kr.ac.hansung.cse.HelloSpringBootApplication for test class kr.ac.hansung.cse.HelloSpringBootApplicationTests
2019-06-04 03:47:21,596 INFO [main] o.s.b.t.c.SpringBootTestContextBootstrapper [AbstractTestContextBootstrapper.java:248] Loaded default TestExecutionListener class names from location [META-INF/spring.factories]: [org.springframework.boot.test.mock.mockito.MockitoTestExecutionListener, org.springframework.boot.test.mock.mockito.ResetMocksTestExecutionListener, org.springframework.boot.test.autoconfigure.restdocs.RestDocsTestExecutionListener, org.springframework.boot.test.autoconfigure.web.client.MockRestServiceServerResetTestExecutionListener, org.springframework.boot.test.autoconfigure.web.servlet.MockMvcPrintOnlyOnFailureTestExecutionListener, org.springframework.boot.test.autoconfigure.web.servlet.WebDriverTestExecutionListener, org.springframework.test.context.web.ServletTestExecutionListener, org.springframework.test.context.support.DirtiesContextBeforeModesTestExecutionListener, org.springframework.test.context.support.DependencyInjectionTestExecutionListener, org.springframework.test.context.support.DirtiesContextTestExecutionListener, org.springframework.test.context.transaction.TransactionalTestExecutionListener, org.springframework.test.context.jdbc.SqlScriptsTestExecutionListener]
2019-06-04 03:47:21,616 INFO [main] o.s.b.t.c.SpringBootTestContextBootstrapper [AbstractTestContextBootstrapper.java:174] Using TestExecutionListeners: [org.springframework.test.context.web.ServletTestExecutionListener@7c469c48, org.springframework.test.context.support.DirtiesContextBeforeModesTestExecutionListener@12e61fe6, org.springframework.boot.test.mock.mockito.MockitoTestExecutionListener@7ee955a8, org.springframework.boot.test.autoconfigure.SpringBootDependencyInjectionTestExecutionListener@1677d1, org.springframework.test.context.support.DirtiesContextTestExecutionListener@48fa0f47, org.springframework.boot.test.mock.mockito.ResetMocksTestExecutionListener@6ac13091, org.springframework.boot.test.autoconfigure.restdocs.RestDocsTestExecutionListener@5e316c74, org.springframework.boot.test.autoconfigure.web.client.MockRestServiceServerResetTestExecutionListener@6d2a209c, org.springframework.boot.test.autoconfigure.web.servlet.MockMvcPrintOnlyOnFailureTestExecutionListener@75329a49, org.springframework.boot.test.autoconfigure.web.servlet.WebDriverTestExecutionListener@161479c6]
2019-06-04 03:47:22,587 INFO [main] k.a.h.c.HelloSpringBootApplicationTests [StartupInfoLogger.java:48] Starting HelloSpringBootApplicationTests on DESKTOP-39VSPN8 with PID 16256 (started by ldy97 in C:\leedoyeon\4_1\framework2\workspace\helloSpringBoot)
2019-06-04 03:47:22,589 DEBUG [main] k.a.h.c.HelloSpringBootApplicationTests [StartupInfoLogger.java:51] Running with Spring Boot v1.5.21.RELEASE, Spring v4.3.24.RELEASE
2019-06-04 03:47:22,592 INFO [main] k.a.h.c.HelloSpringBootApplicationTests [SpringApplication.java:593] No active profile set, falling back to default profiles: default
2019-06-04 03:47:23,117 INFO [main] o.s.w.c.s.GenericWebApplicationContext [AbstractApplicationContext.java:583] Refreshing org.springframework.web.context.support.GenericWebApplicationContext@ea6147e: startup date [Tue Jun 04 03:47:23 KST 2019]; root of context hierarchy
2019-06-04 03:47:23,420 INFO [background-preinit] o.h.v.i.u.Version [Version.java:30] HV000001: Hibernate Validator 5.3.6.Final
2019-06-04 03:47:26,647 INFO [main] o.s.b.a.s.AuthenticationManagerConfiguration [AuthenticationManagerConfiguration.java:173] 

Using default security password: 1c342f8d-4c4c-4b35-a1fc-f74264556e3a

2019-06-04 03:47:26,967 INFO [main] o.s.s.w.DefaultSecurityFilterChain [DefaultSecurityFilterChain.java:43] Creating filter chain: org.springframework.security.web.util.matcher.AnyRequestMatcher@1, [org.springframework.security.web.context.request.async.WebAsyncManagerIntegrationFilter@45792847, org.springframework.security.web.context.SecurityContextPersistenceFilter@2bfbffb2, org.springframework.security.web.header.HeaderWriterFilter@f2e4acf, org.springframework.security.web.authentication.logout.LogoutFilter@1d12b024, org.springframework.security.web.savedrequest.RequestCacheAwareFilter@151335cb, org.springframework.security.web.servletapi.SecurityContextHolderAwareRequestFilter@4abf3f0, org.springframework.security.web.authentication.AnonymousAuthenticationFilter@706cb08, org.springframework.security.web.session.SessionManagementFilter@2bcec6a6, org.springframework.security.web.access.ExceptionTranslationFilter@773dab28, org.springframework.security.web.access.intercept.FilterSecurityInterceptor@5e9456ae]
2019-06-04 03:47:27,737 INFO [main] o.s.w.s.m.m.a.RequestMappingHandlerAdapter [RequestMappingHandlerAdapter.java:557] Looking for @ControllerAdvice: org.springframework.web.context.support.GenericWebApplicationContext@ea6147e: startup date [Tue Jun 04 03:47:23 KST 2019]; root of context hierarchy
2019-06-04 03:47:27,938 INFO [main] o.s.w.s.m.m.a.RequestMappingHandlerMapping [AbstractHandlerMethodMapping.java:544] Mapped "{[/],methods=[GET]}" onto public java.lang.String kr.ac.hansung.cse.controller.HomeController.home(org.springframework.ui.Model)
2019-06-04 03:47:27,948 INFO [main] o.s.w.s.m.m.a.RequestMappingHandlerMapping [AbstractHandlerMethodMapping.java:544] Mapped "{[/error]}" onto public org.springframework.http.ResponseEntity<java.util.Map<java.lang.String, java.lang.Object>> org.springframework.boot.autoconfigure.web.BasicErrorController.error(javax.servlet.http.HttpServletRequest)
2019-06-04 03:47:27,951 INFO [main] o.s.w.s.m.m.a.RequestMappingHandlerMapping [AbstractHandlerMethodMapping.java:544] Mapped "{[/error],produces=[text/html]}" onto public org.springframework.web.servlet.ModelAndView org.springframework.boot.autoconfigure.web.BasicErrorController.errorHtml(javax.servlet.http.HttpServletRequest,javax.servlet.http.HttpServletResponse)
2019-06-04 03:47:28,042 INFO [main] o.s.w.s.h.SimpleUrlHandlerMapping [AbstractUrlHandlerMapping.java:364] Mapped URL path [/webjars/**] onto handler of type [class org.springframework.web.servlet.resource.ResourceHttpRequestHandler]
2019-06-04 03:47:28,056 INFO [main] o.s.w.s.h.SimpleUrlHandlerMapping [AbstractUrlHandlerMapping.java:364] Mapped URL path [/**] onto handler of type [class org.springframework.web.servlet.resource.ResourceHttpRequestHandler]
2019-06-04 03:47:28,159 INFO [main] o.s.w.s.h.SimpleUrlHandlerMapping [AbstractUrlHandlerMapping.java:364] Mapped URL path [/**/favicon.ico] onto handler of type [class org.springframework.web.servlet.resource.ResourceHttpRequestHandler]
2019-06-04 03:47:29,284 INFO [main] k.a.h.c.HelloSpringBootApplicationTests [StartupInfoLogger.java:57] Started HelloSpringBootApplicationTests in 7.458 seconds (JVM running for 9.132)
2019-06-04 03:47:29,405 INFO [Thread-2] o.s.w.c.s.GenericWebApplicationContext [AbstractApplicationContext.java:985] Closing org.springframework.web.context.support.GenericWebApplicationContext@ea6147e: startup date [Tue Jun 04 03:47:23 KST 2019]; root of context hierarchy
2019-06-05 01:46:57,206 INFO [main] k.a.h.c.HelloSpringBootApplication [StartupInfoLogger.java:48] Starting HelloSpringBootApplication on DESKTOP-39VSPN8 with PID 12888 (C:\leedoyeon\4_1\framework2\workspace\helloSpringBoot\target\classes started by ldy97 in C:\leedoyeon\4_1\framework2\workspace\helloSpringBoot)
2019-06-05 01:46:57,214 DEBUG [main] k.a.h.c.HelloSpringBootApplication [StartupInfoLogger.java:51] Running with Spring Boot v1.5.21.RELEASE, Spring v4.3.24.RELEASE
2019-06-05 01:46:57,219 INFO [main] k.a.h.c.HelloSpringBootApplication [SpringApplication.java:593] No active profile set, falling back to default profiles: default
2019-06-05 01:46:57,754 INFO [background-preinit] o.h.v.i.u.Version [Version.java:30] HV000001: Hibernate Validator 5.3.6.Final
2019-06-05 01:46:57,903 INFO [main] o.s.b.c.e.AnnotationConfigEmbeddedWebApplicationContext [AbstractApplicationContext.java:583] Refreshing org.springframework.boot.context.embedded.AnnotationConfigEmbeddedWebApplicationContext@5bfa9431: startup date [Wed Jun 05 01:46:57 KST 2019]; root of context hierarchy
2019-06-05 01:46:59,772 INFO [main] o.s.c.s.PostProcessorRegistrationDelegate$BeanPostProcessorChecker [PostProcessorRegistrationDelegate.java:327] Bean 'org.springframework.transaction.annotation.ProxyTransactionManagementConfiguration' of type [org.springframework.transaction.annotation.ProxyTransactionManagementConfiguration$$EnhancerBySpringCGLIB$$71c7a0a6] is not eligible for getting processed by all BeanPostProcessors (for example: not eligible for auto-proxying)
2019-06-05 01:47:00,336 INFO [main] o.s.b.c.e.t.TomcatEmbeddedServletContainer [TomcatEmbeddedServletContainer.java:92] Tomcat initialized with port(s): 9000 (http)
2019-06-05 01:47:00,361 INFO [main] o.a.c.h.Http11NioProtocol [DirectJDKLog.java:180] Initializing ProtocolHandler ["http-nio-9000"]
2019-06-05 01:47:00,386 INFO [main] o.a.c.c.StandardService [DirectJDKLog.java:180] Starting service [Tomcat]
2019-06-05 01:47:00,387 INFO [main] o.a.c.c.StandardEngine [DirectJDKLog.java:180] Starting Servlet Engine: Apache Tomcat/8.5.40
2019-06-05 01:47:00,592 INFO [localhost-startStop-1] o.a.c.c.C.[.[.[/] [DirectJDKLog.java:180] Initializing Spring embedded WebApplicationContext
2019-06-05 01:47:00,592 INFO [localhost-startStop-1] o.s.w.c.ContextLoader [EmbeddedWebApplicationContext.java:287] Root WebApplicationContext: initialization completed in 2697 ms
2019-06-05 01:47:00,869 INFO [localhost-startStop-1] o.s.b.w.s.FilterRegistrationBean [AbstractFilterRegistrationBean.java:259] Mapping filter: 'characterEncodingFilter' to: [/*]
2019-06-05 01:47:00,870 INFO [localhost-startStop-1] o.s.b.w.s.FilterRegistrationBean [AbstractFilterRegistrationBean.java:259] Mapping filter: 'hiddenHttpMethodFilter' to: [/*]
2019-06-05 01:47:00,871 INFO [localhost-startStop-1] o.s.b.w.s.FilterRegistrationBean [AbstractFilterRegistrationBean.java:259] Mapping filter: 'httpPutFormContentFilter' to: [/*]
2019-06-05 01:47:00,871 INFO [localhost-startStop-1] o.s.b.w.s.FilterRegistrationBean [AbstractFilterRegistrationBean.java:259] Mapping filter: 'requestContextFilter' to: [/*]
2019-06-05 01:47:00,872 INFO [localhost-startStop-1] o.s.b.w.s.DelegatingFilterProxyRegistrationBean [AbstractFilterRegistrationBean.java:259] Mapping filter: 'springSecurityFilterChain' to: [/*]
2019-06-05 01:47:00,873 INFO [localhost-startStop-1] o.s.b.w.s.ServletRegistrationBean [ServletRegistrationBean.java:191] Mapping servlet: 'dispatcherServlet' to [/]
2019-06-05 01:47:02,552 INFO [main] o.s.o.j.LocalContainerEntityManagerFactoryBean [LocalContainerEntityManagerFactoryBean.java:356] Building JPA container EntityManagerFactory for persistence unit 'default'
2019-06-05 01:47:02,570 INFO [main] o.h.j.i.u.LogHelper [LogHelper.java:31] HHH000204: Processing PersistenceUnitInfo [
	name: default
	...]
2019-06-05 01:47:02,676 INFO [main] o.h.Version [Version.java:37] HHH000412: Hibernate Core {5.0.12.Final}
2019-06-05 01:47:02,679 INFO [main] o.h.c.Environment [Environment.java:213] HHH000206: hibernate.properties not found
2019-06-05 01:47:02,680 INFO [main] o.h.c.Environment [Environment.java:317] HHH000021: Bytecode provider name : javassist
2019-06-05 01:47:02,759 INFO [main] o.h.a.c.Version [JavaReflectionManager.java:66] HCANN000001: Hibernate Commons Annotations {5.0.1.Final}
2019-06-05 01:47:03,103 INFO [main] o.h.d.Dialect [Dialect.java:156] HHH000400: Using dialect: org.hibernate.dialect.MySQL5Dialect
2019-06-05 01:47:03,580 INFO [main] o.h.t.h.SchemaExport [SchemaExport.java:400] HHH000227: Running hbm2ddl schema export
2019-06-05 01:47:03,743 INFO [main] o.h.t.h.SchemaExport [SchemaExport.java:464] HHH000230: Schema export complete
2019-06-05 01:47:03,784 INFO [main] o.s.o.j.LocalContainerEntityManagerFactoryBean [AbstractEntityManagerFactoryBean.java:414] Initialized JPA EntityManagerFactory for persistence unit 'default'
2019-06-05 01:47:04,068 INFO [main] o.s.b.a.s.AuthenticationManagerConfiguration [AuthenticationManagerConfiguration.java:173] 

Using default security password: 46636da6-fc6f-4115-ae38-6bdf45a2ff62

2019-06-05 01:47:04,275 INFO [main] o.s.s.w.DefaultSecurityFilterChain [DefaultSecurityFilterChain.java:43] Creating filter chain: org.springframework.security.web.util.matcher.AnyRequestMatcher@1, [org.springframework.security.web.context.request.async.WebAsyncManagerIntegrationFilter@4f7be6c8, org.springframework.security.web.context.SecurityContextPersistenceFilter@6acffb2d, org.springframework.security.web.header.HeaderWriterFilter@611e5819, org.springframework.security.web.authentication.logout.LogoutFilter@2eada095, org.springframework.security.web.savedrequest.RequestCacheAwareFilter@149c39b, org.springframework.security.web.servletapi.SecurityContextHolderAwareRequestFilter@3d9f0a5, org.springframework.security.web.authentication.AnonymousAuthenticationFilter@647b9364, org.springframework.security.web.session.SessionManagementFilter@541bf968, org.springframework.security.web.access.ExceptionTranslationFilter@7634f2b, org.springframework.security.web.access.intercept.FilterSecurityInterceptor@c2df90e]
2019-06-05 01:47:04,893 INFO [main] o.s.w.s.m.m.a.RequestMappingHandlerAdapter [RequestMappingHandlerAdapter.java:557] Looking for @ControllerAdvice: org.springframework.boot.context.embedded.AnnotationConfigEmbeddedWebApplicationContext@5bfa9431: startup date [Wed Jun 05 01:46:57 KST 2019]; root of context hierarchy
2019-06-05 01:47:04,993 INFO [main] o.s.w.s.m.m.a.RequestMappingHandlerMapping [AbstractHandlerMethodMapping.java:544] Mapped "{[/],methods=[GET]}" onto public java.lang.String kr.ac.hansung.cse.controller.HomeController.home(org.springframework.ui.Model)
2019-06-05 01:47:04,999 INFO [main] o.s.w.s.m.m.a.RequestMappingHandlerMapping [AbstractHandlerMethodMapping.java:544] Mapped "{[/error]}" onto public org.springframework.http.ResponseEntity<java.util.Map<java.lang.String, java.lang.Object>> org.springframework.boot.autoconfigure.web.BasicErrorController.error(javax.servlet.http.HttpServletRequest)
2019-06-05 01:47:05,001 INFO [main] o.s.w.s.m.m.a.RequestMappingHandlerMapping [AbstractHandlerMethodMapping.java:544] Mapped "{[/error],produces=[text/html]}" onto public org.springframework.web.servlet.ModelAndView org.springframework.boot.autoconfigure.web.BasicErrorController.errorHtml(javax.servlet.http.HttpServletRequest,javax.servlet.http.HttpServletResponse)
2019-06-05 01:47:05,059 INFO [main] o.s.w.s.h.SimpleUrlHandlerMapping [AbstractUrlHandlerMapping.java:364] Mapped URL path [/webjars/**] onto handler of type [class org.springframework.web.servlet.resource.ResourceHttpRequestHandler]
2019-06-05 01:47:05,060 INFO [main] o.s.w.s.h.SimpleUrlHandlerMapping [AbstractUrlHandlerMapping.java:364] Mapped URL path [/**] onto handler of type [class org.springframework.web.servlet.resource.ResourceHttpRequestHandler]
2019-06-05 01:47:05,114 INFO [main] o.s.w.s.h.SimpleUrlHandlerMapping [AbstractUrlHandlerMapping.java:364] Mapped URL path [/**/favicon.ico] onto handler of type [class org.springframework.web.servlet.resource.ResourceHttpRequestHandler]
2019-06-05 01:47:05,788 INFO [main] o.s.j.e.a.AnnotationMBeanExporter [MBeanExporter.java:431] Registering beans for JMX exposure on startup
2019-06-05 01:47:05,807 INFO [main] o.a.c.h.Http11NioProtocol [DirectJDKLog.java:180] Starting ProtocolHandler ["http-nio-9000"]
2019-06-05 01:47:05,832 INFO [main] o.a.t.u.n.NioSelectorPool [DirectJDKLog.java:180] Using a shared selector for servlet write/read
2019-06-05 01:47:05,849 INFO [main] o.s.b.c.e.t.TomcatEmbeddedServletContainer [TomcatEmbeddedServletContainer.java:216] Tomcat started on port(s): 9000 (http)
2019-06-05 01:47:05,856 INFO [main] k.a.h.c.HelloSpringBootApplication [StartupInfoLogger.java:57] Started HelloSpringBootApplication in 9.405 seconds (JVM running for 12.572)
2019-06-05 01:49:13,565 INFO [RMI TCP Connection(2)-127.0.0.1] o.s.b.a.SpringApplicationAdminMXBeanRegistrar$SpringApplicationAdmin [SpringApplicationAdminMXBeanRegistrar.java:125] Application shutdown requested.
2019-06-05 01:49:13,567 INFO [RMI TCP Connection(2)-127.0.0.1] o.s.b.c.e.AnnotationConfigEmbeddedWebApplicationContext [AbstractApplicationContext.java:985] Closing org.springframework.boot.context.embedded.AnnotationConfigEmbeddedWebApplicationContext@5bfa9431: startup date [Wed Jun 05 01:46:57 KST 2019]; root of context hierarchy
2019-06-05 01:49:13,570 INFO [RMI TCP Connection(2)-127.0.0.1] o.s.j.e.a.AnnotationMBeanExporter [MBeanExporter.java:449] Unregistering JMX-exposed beans on shutdown
2019-06-05 01:49:13,572 INFO [RMI TCP Connection(2)-127.0.0.1] o.s.o.j.LocalContainerEntityManagerFactoryBean [AbstractEntityManagerFactoryBean.java:590] Closing JPA EntityManagerFactory for persistence unit 'default'
2019-06-05 01:49:18,558 INFO [main] k.a.h.c.HelloSpringBootApplication [StartupInfoLogger.java:48] Starting HelloSpringBootApplication on DESKTOP-39VSPN8 with PID 8820 (C:\leedoyeon\4_1\framework2\workspace\helloSpringBoot\target\classes started by ldy97 in C:\leedoyeon\4_1\framework2\workspace\helloSpringBoot)
2019-06-05 01:49:18,564 DEBUG [main] k.a.h.c.HelloSpringBootApplication [StartupInfoLogger.java:51] Running with Spring Boot v1.5.21.RELEASE, Spring v4.3.24.RELEASE
2019-06-05 01:49:18,564 INFO [main] k.a.h.c.HelloSpringBootApplication [SpringApplication.java:593] No active profile set, falling back to default profiles: default
2019-06-05 01:49:18,801 INFO [background-preinit] o.h.v.i.u.Version [Version.java:30] HV000001: Hibernate Validator 5.3.6.Final
2019-06-05 01:49:18,872 INFO [main] o.s.b.c.e.AnnotationConfigEmbeddedWebApplicationContext [AbstractApplicationContext.java:583] Refreshing org.springframework.boot.context.embedded.AnnotationConfigEmbeddedWebApplicationContext@5bfa9431: startup date [Wed Jun 05 01:49:18 KST 2019]; root of context hierarchy
2019-06-05 01:49:20,512 INFO [main] o.s.c.s.PostProcessorRegistrationDelegate$BeanPostProcessorChecker [PostProcessorRegistrationDelegate.java:327] Bean 'org.springframework.transaction.annotation.ProxyTransactionManagementConfiguration' of type [org.springframework.transaction.annotation.ProxyTransactionManagementConfiguration$$EnhancerBySpringCGLIB$$b4a70b72] is not eligible for getting processed by all BeanPostProcessors (for example: not eligible for auto-proxying)
2019-06-05 01:49:21,115 INFO [main] o.s.b.c.e.t.TomcatEmbeddedServletContainer [TomcatEmbeddedServletContainer.java:92] Tomcat initialized with port(s): 9000 (http)
2019-06-05 01:49:21,131 INFO [main] o.a.c.h.Http11NioProtocol [DirectJDKLog.java:180] Initializing ProtocolHandler ["http-nio-9000"]
2019-06-05 01:49:21,152 INFO [main] o.a.c.c.StandardService [DirectJDKLog.java:180] Starting service [Tomcat]
2019-06-05 01:49:21,153 INFO [main] o.a.c.c.StandardEngine [DirectJDKLog.java:180] Starting Servlet Engine: Apache Tomcat/8.5.40
2019-06-05 01:49:21,317 INFO [localhost-startStop-1] o.a.c.c.C.[.[.[/] [DirectJDKLog.java:180] Initializing Spring embedded WebApplicationContext
2019-06-05 01:49:21,317 INFO [localhost-startStop-1] o.s.w.c.ContextLoader [EmbeddedWebApplicationContext.java:287] Root WebApplicationContext: initialization completed in 2448 ms
2019-06-05 01:49:21,588 INFO [localhost-startStop-1] o.s.b.w.s.FilterRegistrationBean [AbstractFilterRegistrationBean.java:259] Mapping filter: 'characterEncodingFilter' to: [/*]
2019-06-05 01:49:21,589 INFO [localhost-startStop-1] o.s.b.w.s.FilterRegistrationBean [AbstractFilterRegistrationBean.java:259] Mapping filter: 'hiddenHttpMethodFilter' to: [/*]
2019-06-05 01:49:21,590 INFO [localhost-startStop-1] o.s.b.w.s.FilterRegistrationBean [AbstractFilterRegistrationBean.java:259] Mapping filter: 'httpPutFormContentFilter' to: [/*]
2019-06-05 01:49:21,590 INFO [localhost-startStop-1] o.s.b.w.s.FilterRegistrationBean [AbstractFilterRegistrationBean.java:259] Mapping filter: 'requestContextFilter' to: [/*]
2019-06-05 01:49:21,592 INFO [localhost-startStop-1] o.s.b.w.s.DelegatingFilterProxyRegistrationBean [AbstractFilterRegistrationBean.java:259] Mapping filter: 'springSecurityFilterChain' to: [/*]
2019-06-05 01:49:21,592 INFO [localhost-startStop-1] o.s.b.w.s.ServletRegistrationBean [ServletRegistrationBean.java:191] Mapping servlet: 'dispatcherServlet' to [/]
2019-06-05 01:49:22,983 INFO [main] o.s.o.j.LocalContainerEntityManagerFactoryBean [LocalContainerEntityManagerFactoryBean.java:356] Building JPA container EntityManagerFactory for persistence unit 'default'
2019-06-05 01:49:23,003 INFO [main] o.h.j.i.u.LogHelper [LogHelper.java:31] HHH000204: Processing PersistenceUnitInfo [
	name: default
	...]
2019-06-05 01:49:23,120 INFO [main] o.h.Version [Version.java:37] HHH000412: Hibernate Core {5.0.12.Final}
2019-06-05 01:49:23,122 INFO [main] o.h.c.Environment [Environment.java:213] HHH000206: hibernate.properties not found
2019-06-05 01:49:23,124 INFO [main] o.h.c.Environment [Environment.java:317] HHH000021: Bytecode provider name : javassist
2019-06-05 01:49:23,188 INFO [main] o.h.a.c.Version [JavaReflectionManager.java:66] HCANN000001: Hibernate Commons Annotations {5.0.1.Final}
2019-06-05 01:49:23,536 INFO [main] o.h.d.Dialect [Dialect.java:156] HHH000400: Using dialect: org.hibernate.dialect.MySQL5Dialect
2019-06-05 01:49:24,056 INFO [main] o.h.t.h.SchemaExport [SchemaExport.java:400] HHH000227: Running hbm2ddl schema export
2019-06-05 01:49:24,195 INFO [main] o.h.t.h.SchemaExport [SchemaExport.java:464] HHH000230: Schema export complete
2019-06-05 01:49:24,235 INFO [main] o.s.o.j.LocalContainerEntityManagerFactoryBean [AbstractEntityManagerFactoryBean.java:414] Initialized JPA EntityManagerFactory for persistence unit 'default'
2019-06-05 01:49:24,623 INFO [main] o.s.b.a.s.AuthenticationManagerConfiguration [AuthenticationManagerConfiguration.java:173] 

Using default security password: eec201d3-9cf9-4d92-906f-ee9a10050f44

2019-06-05 01:49:24,810 INFO [main] o.s.s.w.DefaultSecurityFilterChain [DefaultSecurityFilterChain.java:43] Creating filter chain: org.springframework.security.web.util.matcher.AnyRequestMatcher@1, [org.springframework.security.web.context.request.async.WebAsyncManagerIntegrationFilter@4b033eac, org.springframework.security.web.context.SecurityContextPersistenceFilter@19b07407, org.springframework.security.web.header.HeaderWriterFilter@d54d0f5, org.springframework.security.web.authentication.logout.LogoutFilter@5ac53c06, org.springframework.security.web.savedrequest.RequestCacheAwareFilter@49c099b, org.springframework.security.web.servletapi.SecurityContextHolderAwareRequestFilter@124d26ba, org.springframework.security.web.authentication.AnonymousAuthenticationFilter@69c532af, org.springframework.security.web.session.SessionManagementFilter@5f025000, org.springframework.security.web.access.ExceptionTranslationFilter@4d98e41b, org.springframework.security.web.access.intercept.FilterSecurityInterceptor@7e5b621b]
2019-06-05 01:49:25,141 INFO [main] o.s.j.d.i.ScriptUtils [ScriptUtils.java:443] Executing SQL script from URL [file:/C:/leedoyeon/4_1/framework2/workspace/helloSpringBoot/target/classes/data.sql]
2019-06-05 01:49:25,178 INFO [main] o.s.j.d.i.ScriptUtils [ScriptUtils.java:509] Executed SQL script from URL [file:/C:/leedoyeon/4_1/framework2/workspace/helloSpringBoot/target/classes/data.sql] in 37 ms.
2019-06-05 01:49:25,574 INFO [main] o.s.w.s.m.m.a.RequestMappingHandlerAdapter [RequestMappingHandlerAdapter.java:557] Looking for @ControllerAdvice: org.springframework.boot.context.embedded.AnnotationConfigEmbeddedWebApplicationContext@5bfa9431: startup date [Wed Jun 05 01:49:18 KST 2019]; root of context hierarchy
2019-06-05 01:49:25,662 INFO [main] o.s.w.s.m.m.a.RequestMappingHandlerMapping [AbstractHandlerMethodMapping.java:544] Mapped "{[/],methods=[GET]}" onto public java.lang.String kr.ac.hansung.cse.controller.HomeController.home(org.springframework.ui.Model)
2019-06-05 01:49:25,666 INFO [main] o.s.w.s.m.m.a.RequestMappingHandlerMapping [AbstractHandlerMethodMapping.java:544] Mapped "{[/error]}" onto public org.springframework.http.ResponseEntity<java.util.Map<java.lang.String, java.lang.Object>> org.springframework.boot.autoconfigure.web.BasicErrorController.error(javax.servlet.http.HttpServletRequest)
2019-06-05 01:49:25,667 INFO [main] o.s.w.s.m.m.a.RequestMappingHandlerMapping [AbstractHandlerMethodMapping.java:544] Mapped "{[/error],produces=[text/html]}" onto public org.springframework.web.servlet.ModelAndView org.springframework.boot.autoconfigure.web.BasicErrorController.errorHtml(javax.servlet.http.HttpServletRequest,javax.servlet.http.HttpServletResponse)
2019-06-05 01:49:25,741 INFO [main] o.s.w.s.h.SimpleUrlHandlerMapping [AbstractUrlHandlerMapping.java:364] Mapped URL path [/webjars/**] onto handler of type [class org.springframework.web.servlet.resource.ResourceHttpRequestHandler]
2019-06-05 01:49:25,742 INFO [main] o.s.w.s.h.SimpleUrlHandlerMapping [AbstractUrlHandlerMapping.java:364] Mapped URL path [/**] onto handler of type [class org.springframework.web.servlet.resource.ResourceHttpRequestHandler]
2019-06-05 01:49:25,798 INFO [main] o.s.w.s.h.SimpleUrlHandlerMapping [AbstractUrlHandlerMapping.java:364] Mapped URL path [/**/favicon.ico] onto handler of type [class org.springframework.web.servlet.resource.ResourceHttpRequestHandler]
2019-06-05 01:49:26,509 INFO [main] o.s.j.e.a.AnnotationMBeanExporter [MBeanExporter.java:431] Registering beans for JMX exposure on startup
2019-06-05 01:49:26,529 INFO [main] o.a.c.h.Http11NioProtocol [DirectJDKLog.java:180] Starting ProtocolHandler ["http-nio-9000"]
2019-06-05 01:49:26,542 INFO [main] o.a.t.u.n.NioSelectorPool [DirectJDKLog.java:180] Using a shared selector for servlet write/read
2019-06-05 01:49:26,560 INFO [main] o.s.b.c.e.t.TomcatEmbeddedServletContainer [TomcatEmbeddedServletContainer.java:216] Tomcat started on port(s): 9000 (http)
2019-06-05 01:49:26,568 INFO [main] k.a.h.c.HelloSpringBootApplication [StartupInfoLogger.java:57] Started HelloSpringBootApplication in 8.411 seconds (JVM running for 10.456)
2019-06-05 01:57:28,851 INFO [RMI TCP Connection(2)-127.0.0.1] o.s.b.a.SpringApplicationAdminMXBeanRegistrar$SpringApplicationAdmin [SpringApplicationAdminMXBeanRegistrar.java:125] Application shutdown requested.
2019-06-05 01:57:28,852 INFO [RMI TCP Connection(2)-127.0.0.1] o.s.b.c.e.AnnotationConfigEmbeddedWebApplicationContext [AbstractApplicationContext.java:985] Closing org.springframework.boot.context.embedded.AnnotationConfigEmbeddedWebApplicationContext@5bfa9431: startup date [Wed Jun 05 01:49:18 KST 2019]; root of context hierarchy
2019-06-05 01:57:28,855 INFO [RMI TCP Connection(2)-127.0.0.1] o.s.j.e.a.AnnotationMBeanExporter [MBeanExporter.java:449] Unregistering JMX-exposed beans on shutdown
2019-06-05 01:57:28,860 INFO [RMI TCP Connection(2)-127.0.0.1] o.s.o.j.LocalContainerEntityManagerFactoryBean [AbstractEntityManagerFactoryBean.java:590] Closing JPA EntityManagerFactory for persistence unit 'default'
2019-06-05 01:57:32,814 INFO [main] k.a.h.c.HelloSpringBootApplication [StartupInfoLogger.java:48] Starting HelloSpringBootApplication on DESKTOP-39VSPN8 with PID 17300 (C:\leedoyeon\4_1\framework2\workspace\helloSpringBoot\target\classes started by ldy97 in C:\leedoyeon\4_1\framework2\workspace\helloSpringBoot)
2019-06-05 01:57:32,820 DEBUG [main] k.a.h.c.HelloSpringBootApplication [StartupInfoLogger.java:51] Running with Spring Boot v1.5.21.RELEASE, Spring v4.3.24.RELEASE
2019-06-05 01:57:32,821 INFO [main] k.a.h.c.HelloSpringBootApplication [SpringApplication.java:593] No active profile set, falling back to default profiles: default
2019-06-05 01:57:33,131 INFO [background-preinit] o.h.v.i.u.Version [Version.java:30] HV000001: Hibernate Validator 5.3.6.Final
2019-06-05 01:57:33,248 INFO [main] o.s.b.c.e.AnnotationConfigEmbeddedWebApplicationContext [AbstractApplicationContext.java:583] Refreshing org.springframework.boot.context.embedded.AnnotationConfigEmbeddedWebApplicationContext@5bfa9431: startup date [Wed Jun 05 01:57:33 KST 2019]; root of context hierarchy
2019-06-05 01:57:34,776 INFO [main] o.s.c.s.PostProcessorRegistrationDelegate$BeanPostProcessorChecker [PostProcessorRegistrationDelegate.java:327] Bean 'org.springframework.transaction.annotation.ProxyTransactionManagementConfiguration' of type [org.springframework.transaction.annotation.ProxyTransactionManagementConfiguration$$EnhancerBySpringCGLIB$$a8865b42] is not eligible for getting processed by all BeanPostProcessors (for example: not eligible for auto-proxying)
2019-06-05 01:57:35,325 INFO [main] o.s.b.c.e.t.TomcatEmbeddedServletContainer [TomcatEmbeddedServletContainer.java:92] Tomcat initialized with port(s): 9000 (http)
2019-06-05 01:57:35,345 INFO [main] o.a.c.h.Http11NioProtocol [DirectJDKLog.java:180] Initializing ProtocolHandler ["http-nio-9000"]
2019-06-05 01:57:35,371 INFO [main] o.a.c.c.StandardService [DirectJDKLog.java:180] Starting service [Tomcat]
2019-06-05 01:57:35,372 INFO [main] o.a.c.c.StandardEngine [DirectJDKLog.java:180] Starting Servlet Engine: Apache Tomcat/8.5.40
2019-06-05 01:57:35,574 INFO [localhost-startStop-1] o.a.c.c.C.[.[.[/] [DirectJDKLog.java:180] Initializing Spring embedded WebApplicationContext
2019-06-05 01:57:35,575 INFO [localhost-startStop-1] o.s.w.c.ContextLoader [EmbeddedWebApplicationContext.java:287] Root WebApplicationContext: initialization completed in 2333 ms
2019-06-05 01:57:35,834 INFO [localhost-startStop-1] o.s.b.w.s.FilterRegistrationBean [AbstractFilterRegistrationBean.java:259] Mapping filter: 'characterEncodingFilter' to: [/*]
2019-06-05 01:57:35,836 INFO [localhost-startStop-1] o.s.b.w.s.FilterRegistrationBean [AbstractFilterRegistrationBean.java:259] Mapping filter: 'hiddenHttpMethodFilter' to: [/*]
2019-06-05 01:57:35,837 INFO [localhost-startStop-1] o.s.b.w.s.FilterRegistrationBean [AbstractFilterRegistrationBean.java:259] Mapping filter: 'httpPutFormContentFilter' to: [/*]
2019-06-05 01:57:35,838 INFO [localhost-startStop-1] o.s.b.w.s.FilterRegistrationBean [AbstractFilterRegistrationBean.java:259] Mapping filter: 'requestContextFilter' to: [/*]
2019-06-05 01:57:35,839 INFO [localhost-startStop-1] o.s.b.w.s.DelegatingFilterProxyRegistrationBean [AbstractFilterRegistrationBean.java:259] Mapping filter: 'springSecurityFilterChain' to: [/*]
2019-06-05 01:57:35,839 INFO [localhost-startStop-1] o.s.b.w.s.ServletRegistrationBean [ServletRegistrationBean.java:191] Mapping servlet: 'dispatcherServlet' to [/]
2019-06-05 01:57:37,191 INFO [main] o.s.o.j.LocalContainerEntityManagerFactoryBean [LocalContainerEntityManagerFactoryBean.java:356] Building JPA container EntityManagerFactory for persistence unit 'default'
2019-06-05 01:57:37,208 INFO [main] o.h.j.i.u.LogHelper [LogHelper.java:31] HHH000204: Processing PersistenceUnitInfo [
	name: default
	...]
2019-06-05 01:57:37,311 INFO [main] o.h.Version [Version.java:37] HHH000412: Hibernate Core {5.0.12.Final}
2019-06-05 01:57:37,314 INFO [main] o.h.c.Environment [Environment.java:213] HHH000206: hibernate.properties not found
2019-06-05 01:57:37,315 INFO [main] o.h.c.Environment [Environment.java:317] HHH000021: Bytecode provider name : javassist
2019-06-05 01:57:37,375 INFO [main] o.h.a.c.Version [JavaReflectionManager.java:66] HCANN000001: Hibernate Commons Annotations {5.0.1.Final}
2019-06-05 01:57:37,695 INFO [main] o.h.d.Dialect [Dialect.java:156] HHH000400: Using dialect: org.hibernate.dialect.MySQL5Dialect
2019-06-05 01:57:38,147 INFO [main] o.h.t.h.SchemaExport [SchemaExport.java:400] HHH000227: Running hbm2ddl schema export
2019-06-05 01:57:38,319 INFO [main] o.h.t.h.SchemaExport [SchemaExport.java:464] HHH000230: Schema export complete
2019-06-05 01:57:38,353 INFO [main] o.s.o.j.LocalContainerEntityManagerFactoryBean [AbstractEntityManagerFactoryBean.java:414] Initialized JPA EntityManagerFactory for persistence unit 'default'
2019-06-05 01:57:38,562 INFO [main] o.s.j.d.i.ScriptUtils [ScriptUtils.java:443] Executing SQL script from URL [file:/C:/leedoyeon/4_1/framework2/workspace/helloSpringBoot/target/classes/data.sql]
2019-06-05 01:57:38,586 INFO [main] o.s.j.d.i.ScriptUtils [ScriptUtils.java:509] Executed SQL script from URL [file:/C:/leedoyeon/4_1/framework2/workspace/helloSpringBoot/target/classes/data.sql] in 24 ms.
2019-06-05 01:57:38,918 INFO [main] o.s.b.a.s.AuthenticationManagerConfiguration [AuthenticationManagerConfiguration.java:173] 

Using default security password: 02375239-ff9a-4cab-9eb3-e007a7475380

2019-06-05 01:57:39,098 INFO [main] o.s.s.w.DefaultSecurityFilterChain [DefaultSecurityFilterChain.java:43] Creating filter chain: org.springframework.security.web.util.matcher.AnyRequestMatcher@1, [org.springframework.security.web.context.request.async.WebAsyncManagerIntegrationFilter@5a4d4f9c, org.springframework.security.web.context.SecurityContextPersistenceFilter@5c4cc644, org.springframework.security.web.header.HeaderWriterFilter@391515c7, org.springframework.security.web.authentication.logout.LogoutFilter@26c77f54, org.springframework.security.web.savedrequest.RequestCacheAwareFilter@32ea16b7, org.springframework.security.web.servletapi.SecurityContextHolderAwareRequestFilter@3c81cd82, org.springframework.security.web.authentication.AnonymousAuthenticationFilter@153d6d74, org.springframework.security.web.session.SessionManagementFilter@4fb64e14, org.springframework.security.web.access.ExceptionTranslationFilter@26be9a6, org.springframework.security.web.access.intercept.FilterSecurityInterceptor@2c9d90fc]
2019-06-05 01:57:39,410 INFO [main] o.s.w.s.m.m.a.RequestMappingHandlerAdapter [RequestMappingHandlerAdapter.java:557] Looking for @ControllerAdvice: org.springframework.boot.context.embedded.AnnotationConfigEmbeddedWebApplicationContext@5bfa9431: startup date [Wed Jun 05 01:57:33 KST 2019]; root of context hierarchy
2019-06-05 01:57:39,502 INFO [main] o.s.w.s.m.m.a.RequestMappingHandlerMapping [AbstractHandlerMethodMapping.java:544] Mapped "{[/api/customers],methods=[GET],produces=[application/json]}" onto public org.springframework.http.ResponseEntity<java.util.List<kr.ac.hansung.cse.model.Customer>> kr.ac.hansung.cse.controller.CustomerController.getAll()
2019-06-05 01:57:39,508 INFO [main] o.s.w.s.m.m.a.RequestMappingHandlerMapping [AbstractHandlerMethodMapping.java:544] Mapped "{[/api/customers],methods=[POST]}" onto public org.springframework.http.ResponseEntity<java.lang.Void> kr.ac.hansung.cse.controller.CustomerController.postCustomer(kr.ac.hansung.cse.model.Customer)
2019-06-05 01:57:39,509 INFO [main] o.s.w.s.m.m.a.RequestMappingHandlerMapping [AbstractHandlerMethodMapping.java:544] Mapped "{[/api/customers/{lastName}],methods=[GET],produces=[application/json]}" onto public org.springframework.http.ResponseEntity<java.util.List<kr.ac.hansung.cse.model.Customer>> kr.ac.hansung.cse.controller.CustomerController.findByLastName(java.lang.String)
2019-06-05 01:57:39,510 INFO [main] o.s.w.s.m.m.a.RequestMappingHandlerMapping [AbstractHandlerMethodMapping.java:544] Mapped "{[/api/customers/{id}],methods=[DELETE]}" onto public org.springframework.http.ResponseEntity<java.lang.Void> kr.ac.hansung.cse.controller.CustomerController.deleteCustomer(long)
2019-06-05 01:57:39,510 INFO [main] o.s.w.s.m.m.a.RequestMappingHandlerMapping [AbstractHandlerMethodMapping.java:544] Mapped "{[/],methods=[GET]}" onto public java.lang.String kr.ac.hansung.cse.controller.HomeController.home(org.springframework.ui.Model)
2019-06-05 01:57:39,513 INFO [main] o.s.w.s.m.m.a.RequestMappingHandlerMapping [AbstractHandlerMethodMapping.java:544] Mapped "{[/error]}" onto public org.springframework.http.ResponseEntity<java.util.Map<java.lang.String, java.lang.Object>> org.springframework.boot.autoconfigure.web.BasicErrorController.error(javax.servlet.http.HttpServletRequest)
2019-06-05 01:57:39,514 INFO [main] o.s.w.s.m.m.a.RequestMappingHandlerMapping [AbstractHandlerMethodMapping.java:544] Mapped "{[/error],produces=[text/html]}" onto public org.springframework.web.servlet.ModelAndView org.springframework.boot.autoconfigure.web.BasicErrorController.errorHtml(javax.servlet.http.HttpServletRequest,javax.servlet.http.HttpServletResponse)
2019-06-05 01:57:39,592 INFO [main] o.s.w.s.h.SimpleUrlHandlerMapping [AbstractUrlHandlerMapping.java:364] Mapped URL path [/webjars/**] onto handler of type [class org.springframework.web.servlet.resource.ResourceHttpRequestHandler]
2019-06-05 01:57:39,593 INFO [main] o.s.w.s.h.SimpleUrlHandlerMapping [AbstractUrlHandlerMapping.java:364] Mapped URL path [/**] onto handler of type [class org.springframework.web.servlet.resource.ResourceHttpRequestHandler]
2019-06-05 01:57:39,656 INFO [main] o.s.w.s.h.SimpleUrlHandlerMapping [AbstractUrlHandlerMapping.java:364] Mapped URL path [/**/favicon.ico] onto handler of type [class org.springframework.web.servlet.resource.ResourceHttpRequestHandler]
2019-06-05 01:57:40,284 INFO [main] o.s.j.e.a.AnnotationMBeanExporter [MBeanExporter.java:431] Registering beans for JMX exposure on startup
2019-06-05 01:57:40,303 INFO [main] o.a.c.h.Http11NioProtocol [DirectJDKLog.java:180] Starting ProtocolHandler ["http-nio-9000"]
2019-06-05 01:57:40,318 INFO [main] o.a.t.u.n.NioSelectorPool [DirectJDKLog.java:180] Using a shared selector for servlet write/read
2019-06-05 01:57:40,333 INFO [main] o.s.b.c.e.t.TomcatEmbeddedServletContainer [TomcatEmbeddedServletContainer.java:216] Tomcat started on port(s): 9000 (http)
2019-06-05 01:57:40,342 INFO [main] k.a.h.c.HelloSpringBootApplication [StartupInfoLogger.java:57] Started HelloSpringBootApplication in 7.828 seconds (JVM running for 9.234)
2019-06-05 01:57:59,262 INFO [http-nio-9000-exec-2] o.a.c.c.C.[.[.[/] [DirectJDKLog.java:180] Initializing Spring FrameworkServlet 'dispatcherServlet'
2019-06-05 01:57:59,263 INFO [http-nio-9000-exec-2] o.s.w.s.DispatcherServlet [FrameworkServlet.java:489] FrameworkServlet 'dispatcherServlet': initialization started
2019-06-05 01:57:59,311 INFO [http-nio-9000-exec-2] o.s.w.s.DispatcherServlet [FrameworkServlet.java:508] FrameworkServlet 'dispatcherServlet': initialization completed in 47 ms
2019-06-05 01:57:59,403 DEBUG [http-nio-9000-exec-2] k.a.h.c.c.CustomerController [CustomerController.java:35] Calling getAll( )
2019-06-05 01:57:59,461 INFO [http-nio-9000-exec-2] o.h.h.i.QueryTranslatorFactoryInitiator [QueryTranslatorFactoryInitiator.java:47] HHH000397: Using ASTQueryTranslatorFactory
2019-06-05 01:59:29,743 DEBUG [http-nio-9000-exec-4] k.a.h.c.c.CustomerController [CustomerController.java:35] Calling getAll( )
2019-06-05 01:59:53,837 DEBUG [http-nio-9000-exec-5] k.a.h.c.c.CustomerController [CustomerController.java:62] Calling findByLastName( )
2019-06-05 02:00:44,844 DEBUG [http-nio-9000-exec-6] k.a.h.c.c.CustomerController [CustomerController.java:62] Calling findByLastName( )
2019-06-05 02:02:01,635 DEBUG [http-nio-9000-exec-8] k.a.h.c.c.CustomerController [CustomerController.java:49] Calling postCustomer( )
2019-06-05 02:02:12,073 DEBUG [http-nio-9000-exec-9] k.a.h.c.c.CustomerController [CustomerController.java:35] Calling getAll( )
2019-06-05 02:03:15,785 DEBUG [http-nio-9000-exec-2] k.a.h.c.c.CustomerController [CustomerController.java:71] Calling deleteCustomer( )
2019-06-05 02:03:24,019 DEBUG [http-nio-9000-exec-1] k.a.h.c.c.CustomerController [CustomerController.java:35] Calling getAll( )
2019-06-05 02:06:25,328 INFO [RMI TCP Connection(2)-127.0.0.1] o.s.b.a.SpringApplicationAdminMXBeanRegistrar$SpringApplicationAdmin [SpringApplicationAdminMXBeanRegistrar.java:125] Application shutdown requested.
2019-06-05 02:06:25,329 INFO [RMI TCP Connection(2)-127.0.0.1] o.s.b.c.e.AnnotationConfigEmbeddedWebApplicationContext [AbstractApplicationContext.java:985] Closing org.springframework.boot.context.embedded.AnnotationConfigEmbeddedWebApplicationContext@5bfa9431: startup date [Wed Jun 05 01:57:33 KST 2019]; root of context hierarchy
2019-06-05 02:06:25,332 INFO [RMI TCP Connection(2)-127.0.0.1] o.s.j.e.a.AnnotationMBeanExporter [MBeanExporter.java:449] Unregistering JMX-exposed beans on shutdown
2019-06-05 02:06:25,334 INFO [RMI TCP Connection(2)-127.0.0.1] o.s.o.j.LocalContainerEntityManagerFactoryBean [AbstractEntityManagerFactoryBean.java:590] Closing JPA EntityManagerFactory for persistence unit 'default'
